C51 COMPILER V9.57.0.0   MAIN                                                              06/09/2022 11:28:17 PAGE 1   


C51 COMPILER V9.57.0.0, COMPILATION OF MODULE MAIN
OBJECT MODULE PLACED IN .\Objects\main.obj
COMPILER INVOKED BY: D:\keil-c51\C51\BIN\C51.EXE UserSrc\main.c LARGE OPTIMIZE(8,SPEED) BROWSE NOINTPROMOTE INCDIR(.\Use
                    -rSrc;.\StcLib;.\UserSrc\ENG) DEBUG OBJECTEXTEND PRINT(.\Listings\main.lst) TABS(2) OBJECT(.\Objects\main.obj)

line level    source

   1          #include "Driver.h"
   2          #include "stdio.h"
   3          #include "UART.h"
   4          #include "timer.h"
   5          #include "Lcd12864.h"
   6          #include "GSM.h"
   7          #include "NameList.h"
   8          #include "SysStatus.h"
   9          #include "Eeprom.h"
  10          #include "RfidCard.h"
  11          #include "SysString.h"
  12          #include "Audio.h"
  13          
  14          uint16_t MainTime = 0;
  15          uint8_t UsrKey = 0;
  16          //extern GsmStatusType GsmStatus;
  17          //SysStatusType SysStatusOld;
  18          void main(void)
  19          {
  20   1        delay(100);
  21   1        EA = 0;
  22   1        while(K_RESET == 0);
  23   1        GPIO_config();
  24   1        Timer_config();
  25   1        UART_config();
  26   1        Exti_config();
  27   1      #ifdef PWM_AUDIO
  28   1        SPI_config();
  29   1        PWM_config();
  30   1      #endif
  31   1        delay(1000);
  32   1        Init_12864();
  33   1        EA = 1;
  34   1        delay(100);
  35   1        InitSysPara(false);
  36   1        InitUserPara();
  37   1        delay(100);
  38   1        GSM_StartInit();
  39   1        CardReadInit();
  40   1        SysIdleCon();
  41   1      //  MP3_StartPlay(MP3_Key);
  42   1        //WdtConfig();
  43   1        //printf("EEPROM_ADDR_END,%d\r\n",EEPROM_ADDR_END);
  44   1        //RevNamelist("C:2;R:1001;N:HuangSheng;T1:18859119836;T2:123;T3:456;R:1002;N:wang;T1:17750651602;T2:;T3:;
             -");
  45   1        while(1)
  46   1        {
  47   2          WG_Read26();
  48   2          WG_Send26();
  49   2          if(COM1.B_RX_OK)
  50   2          {
  51   3          //  printf("%s\r\n",RX1_Buffer);
  52   3            RevNamelist(RX1_Buffer);
  53   3            Uart1Clear();
C51 COMPILER V9.57.0.0   MAIN                                                              06/09/2022 11:28:17 PAGE 2   

  54   3          }
  55   2          if(COM3.B_RX_OK)
  56   2          {
  57   3            printf("%s",RX3_Buffer);
  58   3            GsmUARTCmd(RX3_Buffer,COM3.RX_Cnt);
  59   3            Uart3Clear();
  60   3          }
  61   2      #ifdef MP3_MODULE   
                  if(COM4.B_RX_OK)
                  {
                    Mp3UartRx(RX4_Buffer);
                    Uart4Clear();
                  }
              #endif  
  68   2      #ifdef PWM_AUDIO
  69   2          WavReadTask();
  70   2      #endif    
  71   2          if(DtmfData)
  72   2          {
  73   3            printf("DtmfData: 0x%b02X\r\n",DtmfData);
  74   3            if(DtmfData == SysPara.UnlockKey)
  75   3            {
  76   4              Unlock(0,SysPara.RealyTime,true);
  77   4            }
  78   3            if(DtmfData == SysPara.UnlockKey2)
  79   3            {
  80   4              Unlock(1,SysPara.RealyTime,true);
  81   4            }
  82   3            DtmfData = 0;
  83   3          }
  84   2          if(Timer0_Irq)
  85   2          {
  86   3            Timer0_Irq = false;
  87   3            
  88   3            UartTask();
  89   3            UsrKey = KeyScan();
  90   3            if(UsrKey!=0xFF)
  91   3            {
  92   4              //BeepOne();
  93   4            #ifdef KEY_BEEP
  94   4              Beep_StartPlay(MP3_Key);
  95   4            #else
                      MP3_StartPlay(MP3_Key);
                    #endif
  98   4              printf("UsrKey %bd\r\n",UsrKey);
  99   4              SysKey(UsrKey);
 100   4            }
 101   3            SkeyScan();
 102   3            
 103   3            CardMsTask();
 104   3            GSM_InitTask();
 105   3            FlashTask();
 106   3            if(++MainTime > 1000)
 107   3            {
 108   4              
 109   4              MainTime = 0;
 110   4              SYS_LED = ~SYS_LED;
 111   4              RelayTask();
 112   4              if(IdleTime && (CallOutTime == 0) && (TalkTime == 0))
 113   4              {
 114   5                if(--IdleTime == 0)
 115   5                {
C51 COMPILER V9.57.0.0   MAIN                                                              06/09/2022 11:28:17 PAGE 3   

 116   6                  SysIdleCon();
 117   6                }
 118   5              }
 119   4              if(SysStatus == SYS_TALK)
 120   4              {
 121   5                ShowTalkTime();
 122   5                //printf("TalkTime: %d\r\n",TalkTime);
 123   5                if(TalkTime && (--TalkTime == 0))
 124   5                {
 125   6                  GSM_Huangup();
 126   6                  SysIdleCon();
 127   6                }
 128   5              }
 129   4            #ifdef LANGUAGE_HB
 130   4              MainShow++;
 131   4              MainShow %= 10; 
 132   4              if((IdleTime == 0) && (SysStatus == SYS_IDLE) && (NameListIdx == 0xFFFF))
 133   4              {
 134   5                ShowMain(MainShow);
 135   5              }
 136   4            #endif
 137   4              
 138   4      //        if(PaOpenTime)
 139   4      //        {
 140   4      //          if(--PaOpenTime == 0)
 141   4      //          {
 142   4      //            PA_PWR_L;
 143   4      //          }
 144   4      //        }
 145   4            }
 146   3            
 147   3            if((EditTime > 0) && (SysStatus == SYS_EDIT_NAME))
 148   3            {
 149   4              EditTime--;
 150   4              if(EditTime == 0)
 151   4              {
 152   5                NameEditKey(KEY_TIMEOUT);
 153   5              }
 154   4            }
 155   3            
 156   3          }
 157   2          
 158   2          if((GsmCsqFlag) && (SysStatus == SYS_IDLE))
 159   2          { 
 160   3      //      if(SysStatus == SYS_IDLE)
 161   3      //      {
 162   3      //        ShowGsmCsq();
 163   3      //      }
 164   3            GsmCsqFlag = false;
 165   3          }
 166   2          
 167   2        
 168   2          
 169   2          if(CardReadOK)
 170   2          {
 171   3            
 172   3            //CheckRfidCard();
 173   3            if(CardGetOk)
 174   3            {
 175   4            #ifdef KEY_BEEP
 176   4              Beep_StartPlay(MP3_Key);
 177   4            #else
C51 COMPILER V9.57.0.0   MAIN                                                              06/09/2022 11:28:17 PAGE 4   

                      MP3_StartPlay(MP3_Key);
                    #endif
 180   4              SysCard(CardCode);
 181   4            }
 182   3            CardReadInit();
 183   3          }
 184   2        }
 185   1      }


MODULE INFORMATION:   STATIC OVERLAYABLE
   CODE SIZE        =    549    ----
   CONSTANT SIZE    =     36    ----
   XDATA SIZE       =      3    ----
   PDATA SIZE       =   ----    ----
   DATA SIZE        =   ----    ----
   IDATA SIZE       =   ----    ----
   BIT SIZE         =   ----    ----
END OF MODULE INFORMATION.


C51 COMPILATION COMPLETE.  0 WARNING(S),  0 ERROR(S)
