C51 COMPILER V9.60.0.0   CARD                                                              11/01/2021 15:13:58 PAGE 1   


C51 COMPILER V9.60.0.0, COMPILATION OF MODULE CARD
OBJECT MODULE PLACED IN .\Objects\Card.obj
COMPILER INVOKED BY: D:\Keil_v5\C51\BIN\C51.EXE UserSrc\Card.c LARGE OPTIMIZE(8,SPEED) BROWSE NOINTPROMOTE INCDIR(.\User
                    -Src;.\StcLib;.\UserSrc\ENG) DEBUG OBJECTEXTEND PRINT(.\Listings\Card.lst) OBJECT(.\Objects\Card.obj)

line level    source

   1          #include "Card.h"
   2          #include "Driver.h"
   3          #include "Eeprom.h"
   4          #include "SysString.h"
   5          #include "stdio.h"
   6          #include "Lcd12864.h"
   7          #include "SysStatus.h"
   8          #include "NameList.h"
   9          #include "RfidCard.h"
  10          
  11          void SaveCardCount(void)
  12          {
  13   1              writeBuf_at24c02(USER_PARA_ADDR+((uint16_t)((uint32_t)(&UsrPara.CardCount)-(uint32_t)(&UsrPara))), (uint8
             -_t *)&UsrPara.CardCount,sizeof(UsrPara.CardCount));
  14   1      }
  15          
  16          void ClearCard(void)
  17          {
  18   1              UsrPara.CardCount = 0;
  19   1              SaveCardCount();
  20   1      }
  21          
  22          void InitCard(void)
  23          {
  24   1              if(UsrPara.CardCount > CARD_COUNT)
  25   1              {
  26   2                      ClearCard();
  27   2              }
  28   1      }
  29          
  30          void WriteCardByIdx(uint16_t idx,CardItemType *pItem)
  31          {
  32   1              uint16_t addr = (uint16_t)idx;
  33   1              addr *= sizeof(CardItemType);
  34   1              writeBuf_at24c02(USER_CARD_ADDR+addr, (uint8_t *)pItem,sizeof(CardItemType));
  35   1      }
  36          
  37          void ReadCardByIdx(uint16_t idx,CardItemType *pItem)
  38          {
  39   1              uint16_t addr = (uint16_t)idx;
  40   1              addr *= sizeof(CardItemType);
  41   1              readBuf_at24c02(USER_CARD_ADDR+addr, (uint8_t *)pItem,sizeof(CardItemType));
  42   1      }
  43          
  44          //uint16_t GetCardByRoom(uint16_t room,CardItemType *pItem)
  45          //{
  46          //      uint16_t idx = 0xFFFF;
  47          //      idx = GetIdxByRoom(room,CARD_LIST);
  48          //      if(idx != 0xFFFF)
  49          //      {
  50          //              ReadCardByIdx(idx,pItem);
  51          //              return idx;
  52          //      }
  53          //      return 0xFFFF;
C51 COMPILER V9.60.0.0   CARD                                                              11/01/2021 15:13:58 PAGE 2   

  54          //}
  55          
  56          uint16_t CheckCard(uint8_t *card)
  57          {
  58   1              CardItemType tmpItem;
  59   1              uint16_t idx = 0;
  60   1              uint8_t i;
  61   1              if(UsrPara.CardCount == 0)
  62   1              {
  63   2                      return 0xFFFF;
  64   2              }
  65   1              while(idx < UsrPara.CardCount)
  66   1              {
  67   2                      ReadCardByIdx(idx,&tmpItem);
  68   2                      for(i=0;i<RFID_CARD_LEN;i++)
  69   2                      {
  70   3                              if(tmpItem.Card[i] != card[i])
  71   3                              {
  72   4                                      break;
  73   4                              }
  74   3                      }
  75   2                      if(i == RFID_CARD_LEN)
  76   2                      {
  77   3                              printf("CheckCard:%bd\r\n",idx);
  78   3                              return idx;
  79   3                      }
  80   2                      idx++;
  81   2              }
  82   1              return 0xFFFF;
  83   1      }
  84          
  85          uint16_t AddCardItem(CardItemType *pItem)
  86          {
  87   1              CardItemType tmpItem;
  88   1              uint16_t idx = 0;
  89   1              uint8_t i;
  90   1              while(idx < UsrPara.CardCount)
  91   1              {
  92   2                      ReadCardByIdx(idx,&tmpItem);
  93   2                      
  94   2                      if(tmpItem.Room == pItem->Room)
  95   2                      {
  96   3                              for(i=0;i<RFID_CARD_LEN;i++)
  97   3                              {
  98   4                                      if(tmpItem.Card[i] != pItem->Card[i])
  99   4                                      {
 100   5                                              break;
 101   5                                      }
 102   4                              }
 103   3                              if(i == RFID_CARD_LEN)
 104   3                              {
 105   4                                      return idx;
 106   4                              }
 107   3                      }
 108   2                      idx++;
 109   2              }
 110   1              if(UsrPara.CardCount < CARD_COUNT)
 111   1              {
 112   2                      WriteCardByIdx(UsrPara.CardCount,pItem);
 113   2                      UsrPara.CardCount++;
 114   2                      SaveCardCount();
 115   2                      return UsrPara.CardCount-1;
C51 COMPILER V9.60.0.0   CARD                                                              11/01/2021 15:13:58 PAGE 3   

 116   2              }
 117   1              return 0xFFFF;
 118   1      }
 119          
 120          void DelCardByIdx(uint16_t idx)
 121          {
 122   1              CardItemType tmpItem;
 123   1              if(idx < UsrPara.CardCount)
 124   1              {
 125   2                      if(idx == (UsrPara.CardCount-1))
 126   2                      {
 127   3                              UsrPara.CardCount--;
 128   3                              SaveCardCount();
 129   3                      }
 130   2                      else
 131   2                      {
 132   3                              UsrPara.CardCount--;
 133   3                              SaveCardCount();
 134   3                              ReadCardByIdx(UsrPara.CardCount,&tmpItem);
 135   3                              WriteCardByIdx(idx,&tmpItem);
 136   3                      }
 137   2              }
 138   1      }
 139          
 140          void DelCardByRoom(uint16_t room)
 141          {
 142   1              uint16_t idx = GetIdxByRoom(room,CARD_LIST);
 143   1              while(idx != 0xFFFF)
 144   1              {
 145   2                      DelCardByIdx(idx);
 146   2                      idx = GetIdxByRoom(room,CARD_LIST);
 147   2              }
 148   1      }
 149          
 150          void DelCardByCard(uint8_t *card)
 151          {
 152   1              uint16_t idx = CheckCard(card);
 153   1              while(idx != 0xFFFF)
 154   1              {
 155   2                      DelCardByIdx(idx);
 156   2                      idx = CheckCard(card);
 157   2              }
 158   1      }
 159          
 160          
 161          CardItemType CardEditItem;
 162          static uint8_t CardEditMidx = 0;
 163          static uint8_t CardEditIdx = 0;
 164          
 165          void ShowCard(CardItemType *pItem,bool edit)
 166          {
 167   1      //      uint8_t i;
 168   1              uint32_t num;
 169   1              char Disbuf[60];
 170   1              LcdClear();
 171   1      //      if(pItem->Room > 0)
 172   1      //      {
 173   1      //              sprintf(Disbuf,"%s%u",StrTabNum,pItem->Room);   
 174   1      //      }
 175   1      //      else
 176   1      //      {
 177   1      //              sprintf(Disbuf,"%s%",StrTabNum);
C51 COMPILER V9.60.0.0   CARD                                                              11/01/2021 15:13:58 PAGE 4   

 178   1      //      }
 179   1      //      DisplayString(1,0,Disbuf);
 180   1              if(pItem->Room > 0)
 181   1              {
 182   2              //      sprintf(Disbuf,"%s%u",StrTabNum,pItem->Room);   
 183   2                      DisplayString(1,0,StrTabNum);
 184   2                      sprintf(Disbuf,"%u",pItem->Room);
 185   2                      DisplayString(1,(16-HBstrlen(StrTabNum)-strlen(Disbuf)),Disbuf);
 186   2              }
 187   1              else
 188   1              {
 189   2                      //sprintf(Disbuf,"%s%",StrTabNum);
 190   2                      DisplayString(1,0,StrTabNum);
 191   2              }
 192   1              
 193   1              if(CardEditMidx == 0)
 194   1              {
 195   2              #ifdef LANGUAGE_HB      
 196   2                      //SetFlash(1,10-CardEditIdx);
 197   2                      SetFlash(1,15-HBstrlen(StrTabNum));
 198   2              #else
                              SetFlash(1,strlen((uint8_t *)Disbuf));
                      #endif
 201   2              }
 202   1              if(edit)
 203   1              {
 204   2                      //sprintf(Disbuf,"%s",StrTabCard);
 205   2                      DisplayString(2,0,StrTabCard);
 206   2                      if(!MemIsEmpty(pItem->Card,RFID_CARD_LEN))
 207   2                      {
 208   3      //                      for(i=0;i<RFID_CARD_LEN;i++)
 209   3      //                      {
 210   3      //                              sprintf(Disbuf,"%s%b02X",Disbuf,pItem->Card[i]);
 211   3      //                      }
 212   3                              num = pItem->Card[0];
 213   3                              num <<= 8;
 214   3                              num |= pItem->Card[1];
 215   3                              num <<= 8;
 216   3                              num |= pItem->Card[2];
 217   3                              num <<= 8;
 218   3                              num |= pItem->Card[3];
 219   3                              sprintf(Disbuf,"%lu",num>>8);
 220   3                              DisplayString(2,(16-HBstrlen(StrTabCard)-strlen(Disbuf)),Disbuf);
 221   3                      }
 222   2                      //DisplayString(2,0,Disbuf);
 223   2              }
 224   1      }
 225          
 226          void EditCardCon(void)
 227          {
 228   1              ClearBuf((uint8_t *)&CardEditItem,sizeof(CardItemType));
 229   1              CardEditMidx = 0;
 230   1              CardEditIdx = 0;
 231   1              SysStatus = SYS_EDIT_CARD;
 232   1              ShowCard(&CardEditItem,true);
 233   1      }
 234          
 235          void CardEditKey(uint8_t key)
 236          {
 237   1              uint16_t tmp;
 238   1              static bool Saved = false;
 239   1              if(key == KEY_SURE)
C51 COMPILER V9.60.0.0   CARD                                                              11/01/2021 15:13:58 PAGE 5   

 240   1              {
 241   2                      if(CardEditMidx == 1)
 242   2                      {
 243   3                              if(Saved)
 244   3                              {
 245   4                                      ClearBuf((uint8_t *)&CardEditItem,sizeof(CardEditItem));
 246   4                                      CardEditIdx = 0;
 247   4                              }
 248   3                              else
 249   3                              {
 250   4                                      if((CardEditItem.Room > 0)
 251   4                                              && (!MemIsEmpty(CardEditItem.Card,RFID_CARD_LEN)))
 252   4                                      {
 253   5                                              if(AddCardItem(&CardEditItem) != 0xFFFF)
 254   5                                              {
 255   6                                                      ShowSaveOK();
 256   6                                              }
 257   5                                              else
 258   5                                              {
 259   6                                                      ShowErr();
 260   6                                              }
 261   5                                              ClearBuf((uint8_t *)&CardEditItem,sizeof(CardEditItem));
 262   5                                              Saved = true;
 263   5                                      }
 264   4                                      else
 265   4                                      {
 266   5                                              ShowErr();
 267   5                                      }
 268   4                                      return;
 269   4                              }
 270   3                      }
 271   2                      CardEditMidx++;
 272   2                      CardEditMidx %= 2;
 273   2                      CardEditIdx = 0;
 274   2                      switch(CardEditMidx)
 275   2                      {
 276   3                              case 0:
 277   3                                      CardEditIdx = 0;
 278   3                                      tmp = CardEditItem.Room;
 279   3                                      while(tmp > 0)
 280   3                                      {
 281   4                                              CardEditIdx++;
 282   4                                              tmp /= 10;
 283   4                                      }
 284   3                                      break;
 285   3                              case 1:
 286   3      //                              ClearBuf((uint8_t *)&CardEditItem.Card,sizeof(CardEditItem.Card));
 287   3      //                              CardEditIdx = 0;
 288   3      //                              break;
 289   3      //                      case 2:
 290   3                                      ShowConfirmSave();
 291   3                                      Saved = false;
 292   3                                      return;
 293   3                      }
 294   2              }
 295   1              else if(key == KEY_DEL)
 296   1              {
 297   2                      switch(CardEditMidx)
 298   2                      {
 299   3                              case 0:
 300   3                                      if(CardEditIdx > 0)
 301   3                                      {
C51 COMPILER V9.60.0.0   CARD                                                              11/01/2021 15:13:58 PAGE 6   

 302   4                                              CardEditIdx--;
 303   4                                              CardEditItem.Room /= 10;
 304   4                                      }
 305   3                                      else
 306   3                                      {
 307   4                                              CardSetCon();
 308   4                                              return;
 309   4                                      }
 310   3                                      break;
 311   3      //                      case 1:
 312   3      //                              if(CardEditIdx > 0)
 313   3      //                              {
 314   3      //                                      CardEditIdx--;
 315   3      //                                      CardEditItem.Card[CardEditIdx] = 0;
 316   3      //                              }
 317   3      //                              else
 318   3      //                              {
 319   3      //                                      CardEditMidx = 0;
 320   3      //                                      CardEditIdx = 0;
 321   3      //                                      tmp = CardEditItem.Room;
 322   3      //                                      while(tmp > 0)
 323   3      //                                      {
 324   3      //                                              CardEditIdx++;
 325   3      //                                              tmp /= 10;
 326   3      //                                      }
 327   3      //                              }
 328   3      //                              break;
 329   3                              case 1:
 330   3                                      CardEditMidx = 0;
 331   3                                      CardEditIdx = 0;
 332   3                                      tmp = CardEditItem.Room;
 333   3                                      while(tmp > 0)
 334   3                                      {
 335   4                                              CardEditIdx++;
 336   4                                              tmp /= 10;
 337   4                                      }
 338   3                                      break;
 339   3                      }
 340   2              }
 341   1              else if(key == KEY_BELL)
 342   1              {
 343   2                      CardSetCon();
 344   2                      return;
 345   2              }
 346   1      
 347   1              if((key >= 0) && (key <= 9))
 348   1              {
 349   2                      switch(CardEditMidx)
 350   2                      {
 351   3                              case 0:
 352   3                                      if(CardEditIdx < 4)
 353   3                                      {
 354   4                                              CardEditItem.Room *= 10;
 355   4                                              CardEditItem.Room += key;
 356   4                                              CardEditIdx++;
 357   4                                              if(CardEditItem.Room == 0)
 358   4                                              {
 359   5                                                      CardEditIdx = 0;
 360   5                                              }
 361   4                                      }
 362   3                                      break;
 363   3      //                      case 1:
C51 COMPILER V9.60.0.0   CARD                                                              11/01/2021 15:13:58 PAGE 7   

 364   3      //                              if(CardEditIdx < CARD_LEN)
 365   3      //                              {
 366   3      //                                      CardEditItem.Card[CardEditIdx++] = key+'0';
 367   3      //                              }
 368   3      //                              break;
 369   3                      }
 370   2              }
 371   1              ShowCard(&CardEditItem,true);
 372   1      }
 373          
 374          void CardEditCardIn(uint8_t *card)
 375          {
 376   1      //      uint8_t i;
 377   1      //      ClearBuf((uint8_t *)&CardEditItem.Card,sizeof(CardEditItem.Card));
 378   1      //      for(i=0;i<RFID_CARD_LEN;i++)
 379   1      //      {
 380   1      //              sprintf(CardEditItem.Card,"%s%b02X",CardEditItem.Card,card[i]);
 381   1      //      }
 382   1      //      CardEditMidx = 1;
 383   1      //      CardEditIdx = strlen(CardEditItem.Card);
 384   1              HS_memcpy(CardEditItem.Card,card,RFID_CARD_LEN);
 385   1              ShowCard(&CardEditItem,true);
 386   1      }
 387          
 388          void DeleteCardCon(void)
 389          {
 390   1              ClearBuf((uint8_t *)&CardEditItem,sizeof(PswEditType));
 391   1              CardEditMidx = 0;
 392   1              CardEditIdx = 0;
 393   1              SysStatus = SYS_DEL_CARD;
 394   1              ShowCard(&CardEditItem,!MemIsEmpty(CardEditItem.Card,RFID_CARD_LEN));
 395   1      }
 396          
 397          void CardDeleteKey(uint8_t key)
 398          {
 399   1              uint16_t tmp;
 400   1              static bool Saved = false;
 401   1              if(key == KEY_SURE)
 402   1              {
 403   2                      if(CardEditMidx == 1)
 404   2                      {
 405   3                              if(Saved)
 406   3                              {
 407   4                                      ClearBuf((uint8_t *)&CardEditItem,sizeof(CardEditItem));
 408   4                                      CardEditIdx = 0;
 409   4                              }
 410   3                              else
 411   3                              {
 412   4                                      if(!MemIsEmpty(CardEditItem.Card,RFID_CARD_LEN))
 413   4                                      {
 414   5                                              DelCardByCard(CardEditItem.Card);
 415   5                                              ClearBuf((uint8_t *)&CardEditItem,sizeof(CardEditItem));
 416   5                                              Saved = true;
 417   5                                              ShowDeleteOK();
 418   5                                      }
 419   4                                      else if(CardEditItem.Room > 0)
 420   4                                      {
 421   5                                              DelCardByRoom(CardEditItem.Room);
 422   5                                              ClearBuf((uint8_t *)&CardEditItem,sizeof(CardEditItem));
 423   5                                              Saved = true;
 424   5                                              ShowDeleteOK();
 425   5                                      }
C51 COMPILER V9.60.0.0   CARD                                                              11/01/2021 15:13:58 PAGE 8   

 426   4                                      return;
 427   4                              }
 428   3                      }
 429   2                      CardEditMidx++;
 430   2                      CardEditMidx %= 2;
 431   2                      CardEditIdx = 0;
 432   2                      switch(CardEditMidx)
 433   2                      {
 434   3                              case 0:
 435   3                                      CardEditIdx = 0;
 436   3                                      tmp = CardEditItem.Room;
 437   3                                      while(tmp > 0)
 438   3                                      {
 439   4                                              CardEditIdx++;
 440   4                                              tmp /= 10;
 441   4                                      }
 442   3                                      break;
 443   3                              case 1:
 444   3                                      ShowConfirmDel();
 445   3                                      Saved = false;
 446   3                                      return;
 447   3                      }
 448   2              }
 449   1              else if(key == KEY_DEL)
 450   1              {
 451   2                      switch(CardEditMidx)
 452   2                      {
 453   3                              case 0:
 454   3                                      if(CardEditIdx > 0)
 455   3                                      {
 456   4                                              CardEditIdx--;
 457   4                                              CardEditItem.Room /= 10;
 458   4                                      }
 459   3                                      else
 460   3                                      {
 461   4                                              CardSetCon();
 462   4                                              return;
 463   4                                      }
 464   3                                      break;
 465   3                              case 1:
 466   3                                      CardEditMidx = 0;
 467   3                                      CardEditIdx = 0;
 468   3                                      tmp = CardEditItem.Room;
 469   3                                      while(tmp > 0)
 470   3                                      {
 471   4                                              CardEditIdx++;
 472   4                                              tmp /= 10;
 473   4                                      }
 474   3                                      break;
 475   3                      }
 476   2              }
 477   1              else if(key == KEY_BELL)
 478   1              {
 479   2                      CardSetCon();
 480   2                      return;
 481   2              }
 482   1      
 483   1              if((key >= 0) && (key <= 9))
 484   1              {
 485   2                      switch(CardEditMidx)
 486   2                      {
 487   3                              case 0:
C51 COMPILER V9.60.0.0   CARD                                                              11/01/2021 15:13:58 PAGE 9   

 488   3                                      if(CardEditIdx < 4)
 489   3                                      {
 490   4                                              CardEditItem.Room *= 10;
 491   4                                              CardEditItem.Room += key;
 492   4                                              CardEditIdx++;
 493   4                                      }
 494   3                                      if(CardEditItem.Room == 0)
 495   3                                      {
 496   4                                              CardEditIdx = 0;
 497   4                                      }
 498   3                                      break;
 499   3                      }
 500   2              }
 501   1              ShowCard(&CardEditItem,!MemIsEmpty(CardEditItem.Card,RFID_CARD_LEN));
 502   1      }
 503          
 504          void DeleteAllCardCon(void)
 505          {
 506   1              SysStatus = SYS_DEL_ALLCARD;
 507   1              LcdClear();
 508   1              DisplayString(1,0,StrTabDelAllCard);
 509   1      }
 510          void CardDelAllKey(uint8_t key)
 511          {
 512   1              switch(key)
 513   1              {
 514   2                      case KEY_SURE:
 515   2                              ClearCard();
 516   2                              ShowDeleteOK();
 517   2                              break;
 518   2                      case KEY_BELL:
 519   2                      case KEY_DEL:
 520   2                              CardSetCon();
 521   2                              break;
 522   2              }
 523   1      }
 524          
 525          void CardSetCon(void)
 526          {
 527   1              uint8_t Disbuf[10];
 528   1              
 529   1              SysStatus = SYS_SET_CARD;
 530   1              
 531   1              LcdClear();
 532   1              DisplayString(0,0,StrTabCardSet1);
 533   1              DisplayString(1,0,StrTabCardSet2);
 534   1              DisplayString(2,0,StrTabCardSet3);
 535   1              DisplayString(3,0,StrTabListCount);
 536   1              sprintf(Disbuf,"%u",UsrPara.CardCount);
 537   1              DisplayString(3,15-HBstrlen(StrTabListCount)-strlen(Disbuf),Disbuf);
 538   1      }
 539          
 540          void CardSetKey(uint8_t key)
 541          {
 542   1              switch(key)
 543   1              {
 544   2                      case 1:
 545   2                              EditCardCon();
 546   2                              break;
 547   2                      case 2:
 548   2                              DeleteCardCon();
 549   2                              break;
C51 COMPILER V9.60.0.0   CARD                                                              11/01/2021 15:13:58 PAGE 10  

 550   2                      case 3:
 551   2                              DeleteAllCardCon();
 552   2                              break;
 553   2                      case KEY_DEL:
 554   2                      case KEY_BELL:
 555   2                              SysSettingCon();
 556   2                              break;
 557   2              }
 558   1      }


MODULE INFORMATION:   STATIC OVERLAYABLE
   CODE SIZE        =   2622    ----
   CONSTANT SIZE    =     23    ----
   XDATA SIZE       =      8     127
   PDATA SIZE       =   ----    ----
   DATA SIZE        =   ----    ----
   IDATA SIZE       =   ----    ----
   BIT SIZE         =      2       1
END OF MODULE INFORMATION.


C51 COMPILATION COMPLETE.  0 WARNING(S),  0 ERROR(S)
