C51 COMPILER V9.57.0.0   EXTI                                                              06/06/2022 10:51:45 PAGE 1   


C51 COMPILER V9.57.0.0, COMPILATION OF MODULE EXTI
OBJECT MODULE PLACED IN .\Objects\Exti.obj
COMPILER INVOKED BY: D:\keil-c51\C51\BIN\C51.EXE StcLib\Exti.c LARGE OPTIMIZE(8,SPEED) BROWSE NOINTPROMOTE INCDIR(.\User
                    -Src;.\StcLib;.\UserSrc\ENG) DEBUG OBJECTEXTEND PRINT(.\Listings\Exti.lst) TABS(2) OBJECT(.\Objects\Exti.obj)

line level    source

   1          #include  "Exti.h"
   2          #include  "Driver.h"
   3          #include  "RfidCard.h"
   4          
   5          /*************  外部函数和变量声明 *****************/
   6          #ifdef EXT_INT0
   7          /********************* INT0中断函数 *************************/
   8          void Ext_INT0 (void) interrupt INT0_VECTOR    //进中断时已经清除标志
   9          {
  10   1        //IrqUpSource |= 0x01;
  11   1      //  DATA0();
  12   1      //  DATA1();  
  13   1        CardIrq();
  14   1        CardRt = 0;
  15   1      }
  16          #endif
  17          #ifdef EXT_INT1
              /********************* INT1中断函数 *************************/
              void Ext_INT1 (void) interrupt INT1_VECTOR    //进中断时已经清除标志
              {
              //  IrqUpSource |= 0x02;
              //  DtmfData = (P6 >> 4)&0x0F;
              }
              #endif
  25          #ifdef EXT_INT2
              /********************* INT2中断函数 *************************/
              void Ext_INT2 (void) interrupt INT2_VECTOR  //
              {
              
              }
              #endif
  32          #ifdef EXT_INT3
              /********************* INT3中断函数 *************************/
              void Ext_INT3 (void) interrupt INT3_VECTOR
              {
              
              }
              #endif
  39          #ifdef EXT_INT4
              /********************* INT4中断函数 *************************/
              void Ext_INT4 (void) interrupt INT4_VECTOR
              {
              
              }
              #endif
  46          //========================================================================
  47          // 函数: u8 Ext_Inilize(u8 EXT, EXTI_InitTypeDef *INTx)
  48          // 描述: 外部中断初始化程序.
  49          // 参数: INTx: 结构参数,请参考Exti.h里的定义.
  50          // 返回: 成功返回0, 空操作返回1,错误返回2.
  51          // 版本: V1.0, 2012-10-22
  52          //========================================================================
  53          u8  Ext_Inilize(u8 EXT, EXTI_InitTypeDef *INTx)
  54          {
C51 COMPILER V9.57.0.0   EXTI                                                              06/06/2022 10:51:45 PAGE 2   

  55   1      //  if(EXT >  EXT_INT4) return 1; //空操作
  56   1      #ifdef EXT_INT0
  57   1        if(EXT == EXT_INT0) //外中断0
  58   1        {
  59   2          IE0  = 0; //外中断0标志位
  60   2          if(INTx->EXTI_Interrupt == ENABLE)    EX0 = 1;  //允许中断
  61   2          else                  EX0 = 0;  //禁止中断
  62   2          if(INTx->EXTI_Polity > Polity_3)  return 2; //错误
  63   2          INT0_Polity(INTx->EXTI_Polity); //指定中断优先级(低到高) Polity_0,Polity_1,Polity_2,Polity_3
  64   2          if(INTx->EXTI_Mode == EXT_MODE_Fall)  IT0 = 1;  //下降沿中断
  65   2          else                  IT0 = 0;  //上升,下降沿中断
  66   2          return  0;    //成功
  67   2        }
  68   1      #endif
  69   1      #ifdef EXT_INT1
                if(EXT == EXT_INT1) //外中断1
                {
                  IE1  = 0; //外中断1标志位
                  if(INTx->EXTI_Interrupt == ENABLE)    EX1 = 1;  //允许中断
                  else                  EX1 = 0;  //禁止中断
                  if(INTx->EXTI_Polity > Polity_3)  return 2; //错误
                  INT1_Polity(INTx->EXTI_Polity); //指定中断优先级(低到高) Polity_0,Polity_1,Polity_2,Polity_3
                  if(INTx->EXTI_Mode == EXT_MODE_Fall)  IT1 = 1;  //下降沿中断
                  else                  IT1 = 0;  //上升,下降沿中断
                  return  0;    //成功
                }
              #endif
  82   1      #ifdef EXT_INT2
                if(EXT == EXT_INT2)   //外中断2, 固定为下降沿低优先级中断
                {
                  if(INTx->EXTI_Interrupt == ENABLE)  INT_CLKO |=  (1 << 4);  //允许中断  
                  else                INT_CLKO &= ~(1 << 4);  //禁止中断
                  return  0;    //成功
                }
              #endif
  90   1      #ifdef EXT_INT3
                if(EXT == EXT_INT3)   //外中断3, 固定为下降沿低优先级中断
                {
                  if(INTx->EXTI_Interrupt == ENABLE)  INT_CLKO |=  (1 << 5);  //允许中断  
                  else                INT_CLKO &= ~(1 << 5);  //禁止中断
                  return  0;    //成功
                }
              #endif
  98   1      #ifdef EXT_INT4
                if(EXT == EXT_INT4)   //外中断4, 固定为下降沿低优先级中断
                {
                  if(INTx->EXTI_Interrupt == ENABLE)  INT_CLKO |=  (1 << 6);  //允许中断  
                  else                INT_CLKO &= ~(1 << 6);  //禁止中断
                  return  0;    //成功
                }
              #endif
 106   1        return 2; //失败
 107   1      }


MODULE INFORMATION:   STATIC OVERLAYABLE
   CODE SIZE        =    163    ----
   CONSTANT SIZE    =   ----    ----
   XDATA SIZE       =   ----    ----
   PDATA SIZE       =   ----    ----
   DATA SIZE        =   ----    ----
   IDATA SIZE       =   ----    ----
C51 COMPILER V9.57.0.0   EXTI                                                              06/06/2022 10:51:45 PAGE 3   

   BIT SIZE         =   ----    ----
END OF MODULE INFORMATION.


C51 COMPILATION COMPLETE.  0 WARNING(S),  0 ERROR(S)
