C51 COMPILER V9.60.0.0   SYSSTRING                                                         11/01/2021 15:13:58 PAGE 1   


C51 COMPILER V9.60.0.0, COMPILATION OF MODULE SYSSTRING
OBJECT MODULE PLACED IN .\Objects\SysString.obj
COMPILER INVOKED BY: D:\Keil_v5\C51\BIN\C51.EXE UserSrc\SysString.c LARGE OPTIMIZE(8,SPEED) BROWSE NOINTPROMOTE INCDIR(.
                    -\UserSrc;.\StcLib;.\UserSrc\ENG) DEBUG OBJECTEXTEND PRINT(.\Listings\SysString.lst) OBJECT(.\Objects\SysString.obj)

line level    source

   1          #include "SysString.h"
   2          #include "Lcd12864.h"
   3          #include "stdio.h"
   4          #include "Audio.h"
   5          
   6          code uint8_t FhChar[]={"\",/:()'_- "};
   7          
   8          #ifdef LANGUAGE_EN
              code char StrTabSysSet[] = {"Sys Setting"};
              code char StrTabSysSet1[] = {"1-8"};
              
              code char StrTabNameSet1[] = {"1-Add/Edit Name"};
              code char StrTabNameSet2[] = {"2-Delete Name"};
              code char StrTabNameSet3[] = {"3-Clear all Name"};
              code char StrTabDelAllName[] = {"Clear all Name ?"};
              code char StrTabRoom[] = {"Room:"};
              code char StrTabName[] = {"Name:"};
              code char StrTabTel[] = {"Relay:"};
              code char StrTabMakeSure[] = {" Confirm save ?"};
              code char StrTabSaveOK[] = {"   Save OK !"};
              code char StrTabErr[] = {"  Error !"};
              
              code char StrTabDel[] = {"Confirm delete ?"};
              code char StrTabDelOK[] = {"   Deleted !"};
              code char StrTabDelAllPsw[] = {"Clear all PSW ?"};
              code char StrTabPswSet1[] = {"1-Add PSW"};
              code char StrTabPswSet2[] = {"2-Delete PSW"};
              code char StrTabPswSet3[] = {"3-Clear all PSW"};
              code char StrTabPsw1[] = {"Psw:"};
              code char StrTabPsw2[] = {"Confirm:"};
              
              code char StrTabListCount[] = {"List Count:"};
              code char StrTabSysPsw[] = {"Admin PSW"};
              
              code char StrTabCardSet1[] = {"1-Add Card"};
              code char StrTabCardSet2[] = {"2-Delete Card"};
              code char StrTabCardSet3[] = {"3-Clear all Card"};
              code char StrTabDelAllCard[] = {"Clear all Card ?"};
              code char StrTabCard[] = {"Card:"};
              code char StrTabCardErr[] = {"  Card Err!"};
              code char StrTabUnlock[] = {"  Door Opened!"};
              
              code char StrTabCall[] = {"Call:"};
              
              code char StrTabTalkTime[] = {"TalkTime:"};
              code char StrTabRingTime[] = {"RingTime:"};
              code char StrTabCallTime[] = {"CallTime:"};
              code char StrTabTone[] = {"Tone:"};
              code char StrTabCamrea[] = {"Camrea:"};
              code char StrTabRelay[] = {"Relay:"};
              
              code char StrTabUnlockKey[] = {"UnlockKey:"};
              
              code char StrTabOn[] = {"on"};
C51 COMPILER V9.60.0.0   SYSSTRING                                                         11/01/2021 15:13:58 PAGE 2   

              code char StrTabOff[] = {"off"};
              
              code char StrTabGsmErr[] = {"  Gsm Err!"};
              //code char StrTabGsmCsq[] = {"Csq:"};
              //code char StrTabGsmCsqErr[] = {"No Signal"};
              
              code char StrTabMain1[] = {"Name List"};
              code char StrTabMain2[] = {"to call"};
              code char StrTabMain3[] = {"XXXX   Call Room"};
              code char StrTabMain4[] = {"Unlock"};
              
              code char StrTabRoomErr[] = {"  Room Err!"};
              code char StrTabTalk[] = {"Talking:"};
              
              code char StrTabReset[] = {"Reset OK!"};
              #endif
  71          
  72          #ifdef LANGUAGE_HB
  73          code char StrTabSysSet[] = {"הגדרת מערכת"};
  74          code char StrTabSysSet1[] = {"1-13"};
  75          
  76          code char StrTabNameSet1[] = {"1-הוסף/ערוך שם"};
  77          code char StrTabNameSet2[] = {"2-מחק שם"};
  78          code char StrTabNameSet3[] = {"3- מחק הכל"};
  79          code char StrTabDelAllName[] = {"האם למחוק הכל ?"};
  80          code char StrTabRoom[] = {"דירה:"};
  81          code char StrTabNum[] = {"תא: "};
  82          code char StrTabName[] = {"שם:"};
  83          code char StrTabTel[] = {"ממסר:"};
  84          code char StrTabMakeSure[] = {" לאשר שמירה?"};
  85          code char StrTabSaveOK[] = {"   שמור!"};
  86          code char StrTabErr[] = {"  שגיאה!"};
  87          
  88          code char StrTabDel[] = {"לאשר מחיקה ?"};
  89          code char StrTabDelOK[] = {"  נמחק!"};
  90          code char StrTabDelAllPsw[] = {"האם למחוק הכל ?"};
  91          code char StrTabPswSet1[] = {"1- הוסף סיסמה"};
  92          code char StrTabPswSet2[] = {"2-מחק סיסמה"};
  93          code char StrTabPswSet3[] = {"3-מחק הכל"};
  94          code char StrTabPsw1[] = {"סיסמה:"};
  95          code char StrTabPsw2[] = {"אשר:"};
  96          
  97          code char StrTabListCount[] = {"סך הכל:"};
  98          code char StrTabSysPsw[] = {"סיסמת מנהל"};
  99          
 100          code char StrTabCardSet1[] = {"1-הוסף כרטיס"};
 101          code char StrTabCardSet2[] = {"2-מחיקת כרטיס"};
 102          code char StrTabCardSet3[] = {"3-מחק הכל"};
 103          code char StrTabDelAllCard[] = {"האם למחוק הכל ?"};
 104          code char StrTabCard[] = {"כרטיס:"};
 105          code char StrTabCardErr[] = {"  שגיאת כרטיס!"};
 106          code char StrTabUnlock[] = {"  דלת נפתחת!"};
 107          
 108          code char StrTabCall[] = {"מצלצל:"};
 109          
 110          code char StrTabTalkTime[] = {"זמן דיבור:"};
 111          code char StrTabRingTime[] = {"זמן צלצול:"};
 112          code char StrTabCallTime[] = {"זמן צלצול:"};
 113          code char StrTabTone[] = {"הנחיות קוליות:"};
 114          code char StrTabCamrea[] = {"מצלמה:"};
 115          code char StrTabRelay[] = {"זמן ממסר:"};
 116          code char StrTabUnlockKey[] = {"מקש פ.דלת:"};
C51 COMPILER V9.60.0.0   SYSSTRING                                                         11/01/2021 15:13:58 PAGE 3   

 117          code char StrTabTalkValum[] = {"עוצמת דיבור"};
 118          
 119          code char StrTabOn[] = {"פעיל"};
 120          code char StrTabOff[] = {"כבוי"};
 121          
 122          code char StrTabGsmErr[] = {"שגיאת כרטיס סים!"};
 123          //code char StrTabGsmCsq[] = {"Csq:"};
 124          //code char StrTabGsmCsqErr[] = {"אין קליטה"};
 125          
 126          code char StrTabMainA1[] = {"ברוכים הבאים!"};
 127          code char StrTabMainA2[] = {"לצלצול לדירה"};
 128          code char StrTabMainA3[] = {"לחצו מספר דירה"};
 129          code char StrTabMainA4[] = {"לביטול לחצו"};
 130          
 131          code char StrTabMain1[] = {"לרשימת שמות"};
 132          code char StrTabMain2[] = {" לבחירת שם לחצו"};
 133          code char StrTabMain3[] = {"לכניסה עם קוד"};
 134          code char StrTabMain4[] = {"לחצו   וקוד"};
 135          
 136          code char StrTabRoomErr[] = {" שגיאה בדירה!"};
 137          code char StrTabTalk[] = {"שיחה:"};
 138          
 139          code char StrTabReset[] = {"Reset OK!"};
 140          #endif
 141          //code char StrTabGsmCsqErr[] = {"אבגדהוזחטיךכלםמןנסעףפץצקרשת"};
 142          //code char StrTabMain1[] = {"אבגדהוזחטיךכלםמן"};
 143          //code char StrTabMain2[] = {"נסעףפץצקרשת"};
 144          
 145          char DisBuf[20];
 146          
 147          void ShowConfirmSave(void)
 148          {
 149   1              LcdClear();
 150   1              DisplayString(1,0,StrTabMakeSure);
 151   1      }
 152          void ShowConfirmDel(void)
 153          {
 154   1              LcdClear();
 155   1              DisplayString(1,0,StrTabDel);
 156   1      }
 157          void ShowSaveOK(void)
 158          {
 159   1              LcdClear();
 160   1              DisplayString(1,0,StrTabSaveOK);
 161   1              MP3_StartPlay(MP3_SetOK);
 162   1      }
 163          void ShowErr(void)
 164          {
 165   1              LcdClear();
 166   1              DisplayString(1,0,StrTabErr);
 167   1      }
 168          void ShowDeleteOK(void)
 169          {
 170   1              LcdClear();
 171   1              DisplayString(1,0,StrTabDelOK);
 172   1      }
 173          
 174          void ShowCardErr(void)
 175          {
 176   1              LcdClear();
 177   1              DisplayString(1,0,StrTabCardErr);
 178   1              MP3_StartPlay(MP3_CardErr);
C51 COMPILER V9.60.0.0   SYSSTRING                                                         11/01/2021 15:13:58 PAGE 4   

 179   1      }
 180          void ShowUnlock(bool Sound)
 181          {
 182   1              LcdClear();
 183   1              DisplayString(1,0,StrTabUnlock);
 184   1              if(Sound)
 185   1              {
 186   2                      MP3_StartPlay(MP3_Unlock);
 187   2              }
 188   1      }
 189          
 190          //void ShowGsmErr(void)
 191          //{
 192          //      LcdClear();
 193          //      DisplayString(1,0,StrTabGsmErr);
 194          //}
 195          
 196          void ShowRoomErr(void)
 197          {
 198   1              LcdClear();
 199   1              DisplayString(1,0,StrTabRoomErr);
 200   1      }
 201          
 202          void ShowGsmCsq(void)
 203          {
 204   1      //      if((GsmCsq == 0xff) || (GsmCsq < 5))
 205   1      //      {
 206   1      //              //DisplayString(0,0,StrTabGsmCsqErr);
 207   1      //              DisplayCsq(0,0,0);
 208   1      //              DisplayIco(0,1,6);
 209   1      //              return;
 210   1      //      }
 211   1      //      DisplayCsq(0,0,GsmCsq);
 212   1      }
 213          
 214          void ShowMain(u8 first)
 215          {
 216   1              LcdClear();
 217   1              ShowGsmCsq();
 218   1      #ifdef LANGUAGE_HB              
 219   1              if(first == 0)
 220   1              {
 221   2                      DisplayString(0,0,StrTabMainA1);
 222   2                      DisplayString(1,0,StrTabMainA2);
 223   2                      DisplayString(2,0,StrTabMainA3);
 224   2                      DisplayIco(2,0,2);
 225   2                      DisplayString(3,0,StrTabMainA4);
 226   2                      DisplayIco(3,3,8);
 227   2              }
 228   1              else
 229   1              {
 230   2                      DisplayString(0,0,StrTabMain1);
 231   2                      DisplayIco(0,2,0);
 232   2                      DisplayIco(0,3,1);
 233   2                      
 234   2                      DisplayString(1,0,StrTabMain2);
 235   2                      DisplayIco(1,0,2);
 236   2                      
 237   2                      DisplayString(2,0,StrTabMain3);
 238   2                      
 239   2                      DisplayString(3,0,StrTabMain4);
 240   2                      DisplayIco(3,10,3);
C51 COMPILER V9.60.0.0   SYSSTRING                                                         11/01/2021 15:13:58 PAGE 5   

 241   2              }
 242   1      #endif
 243   1      #ifdef LANGUAGE_EN              
                      DisplayString(0,5,StrTabMain1);
                      DisplayIco(0,2,0);
                      DisplayIco(0,3,1);
                      
                      DisplayString(1,4,StrTabMain2);
                      DisplayIco(1,2,2);
                      
                      
                      DisplayString(2,0,StrTabMain3);
                      DisplayIco(2,5,2);
                      
                      DisplayString(3,3,StrTabMain4);
                      DisplayIco(3,1,3);
              
                      
              #endif
 260   1      }
 261          
 262          void ShowTalkTime(void)
 263          {
 264   1              LcdClear();
 265   1      #ifdef LANGUAGE_HB
 266   1              DisplayString(1,0,StrTabTalk);
 267   1              sprintf(DisBuf,"%u",CallOutTime);
 268   1              DisplayString(1,8,DisBuf);
 269   1      #else
                      sprintf(DisBuf,"%s%u",StrTabTalk,CallOutTime);
                      DisplayString(1,0,DisBuf);
              #endif
 273   1      }
 274          void ShowReset(void)
 275          {
 276   1              LcdClear();
 277   1              DisplayString(1,0,StrTabReset);
 278   1      }


MODULE INFORMATION:   STATIC OVERLAYABLE
   CODE SIZE        =    398    ----
   CONSTANT SIZE    =    976    ----
   XDATA SIZE       =     20       1
   PDATA SIZE       =   ----    ----
   DATA SIZE        =   ----    ----
   IDATA SIZE       =   ----    ----
   BIT SIZE         =   ----       1
END OF MODULE INFORMATION.


C51 COMPILATION COMPLETE.  0 WARNING(S),  0 ERROR(S)
