C51 COMPILER V9.57.0.0   WEIGENG                                                           06/01/2022 16:09:30 PAGE 1   


C51 COMPILER V9.57.0.0, COMPILATION OF MODULE WEIGENG
OBJECT MODULE PLACED IN .\Objects\weigeng.obj
COMPILER INVOKED BY: D:\keil-c51\C51\BIN\C51.EXE UserSrc\weigeng.c LARGE OPTIMIZE(8,SPEED) BROWSE NOINTPROMOTE INCDIR(.\
                    -UserSrc;.\StcLib;.\UserSrc\ENG) DEBUG OBJECTEXTEND PRINT(.\Listings\weigeng.lst) TABS(2) OBJECT(.\Objects\weigeng.obj)

line level    source

   1          #include "Driver.h"
   2          #include "RfidCard.h"
   3          #include "stdio.h"
   4          
   5          #define uchar unsigned char
   6          #define uint unsigned int 
   7          uchar dat[26];
   8          char i;
   9          sbit rs=P2^5;
  10          sbit en=P2^7;
  11          sbit rw=P2^6;  
  12          uchar num; 
  13          
  14          //void delay(uint z)
  15          //{ uint x,y;
  16          //for(x=z;x>0;x--)
  17          //for(y=110;y>0;y--);
  18          
  19          
  20          //}
  21          
  22          void write_com(uchar com)
  23          {
  24   1       rs=0;
  25   1       rw=0;
  26   1       P0=com;
  27   1       delay(2);
  28   1       en=0;
  29   1       delay(2);
  30   1       en=1;
  31   1       delay(1);
  32   1      }
  33          
  34          
  35          void write_date(uchar date)
  36          {
  37   1       rs=1;
  38   1       rw=0;
  39   1       P0=date;
  40   1       delay(2);
  41   1       en=0;
  42   1       delay(2);
  43   1       en=1;
  44   1       delay(1);
  45   1      }
  46          
  47          void write_num(uchar date)
  48          {
  49   1       if(date<10)
  50   1       {
  51   2        write_date(0x30+date);//数转为字符
  52   2       } 
  53   1      }
  54          void init()
C51 COMPILER V9.57.0.0   WEIGENG                                                           06/01/2022 16:09:30 PAGE 2   

  55          {
  56   1         write_com(0x38);
  57   1         write_com(0x38);
  58   1         write_com(0x0c);
  59   1         write_com(0x06);
  60   1         write_com(0x01);
  61   1         delay(1);  
  62   1      }
  63             
  64          //void main(void)   
  65          //{  
  66          //   init();
  67          //     TMOD=0x20;
  68          //   TL1=0xfd;
  69          //   TH1=0xfd;
  70          //   TR1=1;
  71          //   SCON=0xd0;
  72          //   num=0;        
  73          //   en=0;
  74          //   EA=1;
  75          //   EX0=1;
  76          //   EX1=1;
  77          //   IT0=1;//下降沿触发
  78          //   IT1=1;
  79          // 
  80          // while(1)
  81          // {
  82          //  if(num>25)
  83          //  {
  84          //   EA=0;
  85          
  86          //for(i=25;i>=0;i--)
  87          //{
  88          //      SBUF=0x30+dat[i];
  89          //      while(TI!=1);TI=0;
  90          //}
  91          //   write_com(0x01);
  92          //   write_com(0x80);
  93          //   for(i=25;i>9;i--)
  94          //   write_num(dat[i]);
  95          //   write_com(0x80+0x40);
  96          //   for(i=9;i>=0;i--)
  97          //   write_num(dat[i]);
  98          //   num=0;
  99          //   EA=1;
 100          //  }
 101          // }          
 102          //}
 103          
 104          void D0() interrupt 0
 105          {
 106   1         EX0=0;
 107   1         dat[num]=0;
 108   1         num++;
 109   1         EX0=1;
 110   1      }  
 111          
 112          void D1() interrupt 2
 113          {
 114   1         EX1=0;
 115   1         dat[num]=1;
 116   1         num++;
C51 COMPILER V9.57.0.0   WEIGENG                                                           06/01/2022 16:09:30 PAGE 3   

 117   1         EX1=1;
 118   1      } 


MODULE INFORMATION:   STATIC OVERLAYABLE
   CODE SIZE        =    193    ----
   CONSTANT SIZE    =   ----    ----
   XDATA SIZE       =     28    ----
   PDATA SIZE       =   ----    ----
   DATA SIZE        =   ----    ----
   IDATA SIZE       =   ----    ----
   BIT SIZE         =   ----    ----
END OF MODULE INFORMATION.


C51 COMPILATION COMPLETE.  0 WARNING(S),  0 ERROR(S)
